<?xml version="1.0" encoding="UTF-8"?>
<testng-results ignored="0" total="1" passed="1" failed="0" skipped="0">
  <reporter-output>
  </reporter-output>
  <suite started-at="2024-06-13T14:14:42 IST" name="Default suite" finished-at="2024-06-13T14:14:46 IST" duration-ms="4803">
    <groups>
    </groups>
    <test started-at="2024-06-13T14:14:42 IST" name="Default test" finished-at="2024-06-13T14:14:46 IST" duration-ms="4803">
      <class name="com.testautomation.apitesting.tests.EndToEndAPITest">
        <test-method is-config="true" signature="beforeMethod()[pri:0, instance:com.testautomation.apitesting.tests.EndToEndAPITest@3ad394e6]" started-at="2024-06-13T14:14:42 IST" name="beforeMethod" finished-at="2024-06-13T14:14:42 IST" duration-ms="20" status="PASS">
          <reporter-output>
          </reporter-output>
        </test-method> <!-- beforeMethod -->
        <test-method signature="e2eAPIRequest()[pri:0, instance:com.testautomation.apitesting.tests.EndToEndAPITest@3ad394e6]" started-at="2024-06-13T14:14:42 IST" name="e2eAPIRequest" finished-at="2024-06-13T14:14:46 IST" duration-ms="4567" status="PASS">
          <reporter-output>
          </reporter-output>
        </test-method> <!-- e2eAPIRequest -->
        <test-method is-config="true" signature="afterMethod(org.testng.ITestResult)[pri:0, instance:com.testautomation.apitesting.tests.EndToEndAPITest@3ad394e6]" started-at="2024-06-13T14:14:46 IST" name="afterMethod" finished-at="2024-06-13T14:14:46 IST" duration-ms="4" status="PASS">
          <params>
            <param index="0">
              <value>
                <![CDATA[[TestResult name=e2eAPIRequest status=SUCCESS method=EndToEndAPITest.e2eAPIRequest()[pri:0, instance:com.testautomation.apitesting.tests.EndToEndAPITest@3ad394e6] output={null}]]]>
              </value>
            </param>
          </params>
          <reporter-output>
          </reporter-output>
        </test-method> <!-- afterMethod -->
      </class> <!-- com.testautomation.apitesting.tests.EndToEndAPITest -->
    </test> <!-- Default test -->
  </suite> <!-- Default suite -->
</testng-results>
